<?xml version="1.0" encoding="UTF-8"?>
<!-- Generated by org.testng.reporters.JUnitReportReporter -->
<testsuite hostname="ubuntu" name="demojenkins.DemoJenkinsJobs" tests="1" failures="0" timestamp="10 Oct 2016 10:48:58 GMT" time="0.008" errors="0">
  <testcase name="testJenkins" time="0.008" classname="demojenkins.DemoJenkinsJobs"/>
</testsuite> <!-- demojenkins.DemoJenkinsJobs -->
